PROJECT SERVICE LOG:
[CORS] Method=GET Origin='https://smap.tantai.dev' Path=/projects
[CORS] ✓ Origin allowed (dynamic): https://smap.tantai.dev
[GIN] 2025/12/14 - 15:30:20 | 200 |   25.292776ms | 192.168.105.128 | GET      "/projects?statuses=completed&statuses=process&statuses=draft&page=1&limit=10"
[CORS] Method=POST Origin='https://smap.tantai.dev' Path=/projects/dryrun
[CORS] ✓ Origin allowed (dynamic): https://smap.tantai.dev
[GIN] 2025/12/14 - 15:30:58 | 200 |    9.054789ms |   172.16.21.113 | POST     "/projects/dryrun"
2025-12-14T15:30:58.554+0700	INFO	usecase/job_mapping.go:49	Stored job mapping: jobID=1524c8cf-4f0e-4e40-8acf-1bc6832ad2e3, userID=84376f33-1a4d-4dff-ad95-db07bac030b2, projectID=, ttl=168h0m0s
2025-12-14T15:30:58.554+0700	INFO	usecase/project.go:475	Stored job mapping: jobID=1524c8cf-4f0e-4e40-8acf-1bc6832ad2e3, userID=84376f33-1a4d-4dff-ad95-db07bac030b2
2025-12-14T15:30:58.554+0700	INFO	producer/producer.go:35	Published dry-run task to RabbitMQ: job_id=1524c8cf-4f0e-4e40-8acf-1bc6832ad2e3
2025-12-14T15:30:58.554+0700	INFO	usecase/project.go:501	Created dry-run job for user 84376f33-1a4d-4dff-ad95-db07bac030b2 with 2 keywords, job_id=1524c8cf-4f0e-4e40-8acf-1bc6832ad2e3
[CORS] Method=POST Origin='' Path=/internal/dryrun/callback
[CORS] ✗ Origin rejected (dynamic): 
2025-12-14T15:31:30.543+0700	INFO	usecase/job_mapping.go:80	Retrieved job mapping: jobID=1524c8cf-4f0e-4e40-8acf-1bc6832ad2e3, userID=84376f33-1a4d-4dff-ad95-db07bac030b2, projectID=
2025-12-14T15:31:30.543+0700	INFO	usecase/webhook.go:37	webhook.HandleDryRunCallback: job mapping found: job_id=1524c8cf-4f0e-4e40-8acf-1bc6832ad2e3, user_id=84376f33-1a4d-4dff-ad95-db07bac030b2, project_id=
[GIN] 2025/12/14 - 15:31:30 | 200 |    2.576121ms | 192.168.105.153 | POST     "/internal/dryrun/callback"
2025-12-14T15:31:30.544+0700	INFO	usecase/webhook.go:66	webhook.HandleDryRunCallback: published to Redis: topic=job:1524c8cf-4f0e-4e40-8acf-1bc6832ad2e3:84376f33-1a4d-4dff-ad95-db07bac030b2, job_id=1524c8cf-4f0e-4e40-8acf-1bc6832ad2e3, platform=TIKTOK, status=COMPLETED, content_count=6, message_size=3506
2025-12-14T15:31:30.544+0700	INFO	http/handler.go:28	Webhook callback processed successfully: job_id=1524c8cf-4f0e-4e40-8acf-1bc6832ad2e3, platform=tiktok, status=success
[CORS] Method=POST Origin='' Path=/internal/dryrun/callback
[CORS] ✗ Origin rejected (dynamic): 
2025-12-14T15:35:32.280+0700	INFO	usecase/job_mapping.go:80	Retrieved job mapping: jobID=1524c8cf-4f0e-4e40-8acf-1bc6832ad2e3, userID=84376f33-1a4d-4dff-ad95-db07bac030b2, projectID=
2025-12-14T15:35:32.280+0700	INFO	usecase/webhook.go:37	webhook.HandleDryRunCallback: job mapping found: job_id=1524c8cf-4f0e-4e40-8acf-1bc6832ad2e3, user_id=84376f33-1a4d-4dff-ad95-db07bac030b2, project_id=
2025-12-14T15:35:32.280+0700	INFO	usecase/webhook.go:66	webhook.HandleDryRunCallback: published to Redis: topic=job:1524c8cf-4f0e-4e40-8acf-1bc6832ad2e3:84376f33-1a4d-4dff-ad95-db07bac030b2, job_id=1524c8cf-4f0e-4e40-8acf-1bc6832ad2e3, platform=YOUTUBE, status=COMPLETED, content_count=6, message_size=12071
2025-12-14T15:35:32.281+0700	INFO	http/handler.go:28	Webhook callback processed successfully: job_id=1524c8cf-4f0e-4e40-8acf-1bc6832ad2e3, platform=youtube, status=success
[GIN] 2025/12/14 - 15:35:32 | 200 |    2.493098ms | 192.168.105.153 | POST     "/internal/dryrun/callback"

COLLECTOR SERVICE LOG:
2025-12-14T15:30:58.555+0700	INFO	consumer/workers.go:15	dispatcher.delivery.rabbitmq.consumer.dispatchWorker
2025-12-14T15:30:58.555+0700	INFO	consumer/workers.go:36	dispatcher.consumer.Dispatch published 2 task(s)
2025-12-14T15:31:30.532+0700	INFO	consumer/workers.go:15	results.delivery.rabbitmq.consumer.resultWorker
2025-12-14T15:31:30.535+0700	INFO	usecase/result.go:18	results.usecase.result.HandleResult: handling crawler result: success=true
2025-12-14T15:31:30.537+0700	INFO	usecase/result.go:56	results.usecase.result.extractTaskType: extracted task_type: dryrun_keyword
2025-12-14T15:31:30.537+0700	INFO	usecase/result.go:66	results.usecase.result.handleDryRunResult: handling dry-run result
2025-12-14T15:31:30.538+0700	INFO	usecase/result.go:586	results.usecase.result.mapCrawlerCommentsToProjectComments: no comments found
2025-12-14T15:31:30.539+0700	INFO	usecase/result.go:365	Successfully extracted content: job_id=1524c8cf-4f0e-4e40-8acf-1bc6832ad2e3, platform=tiktok, content_count=6
2025-12-14T15:31:30.544+0700	INFO	project/client.go:66	Webhook callback sent successfully: job_id=1524c8cf-4f0e-4e40-8acf-1bc6832ad2e3, platform=tiktok, status=success, attempt=1
2025-12-14T15:31:30.544+0700	INFO	usecase/result.go:81	results.usecase.result.handleDryRunResult: successfully sent dry-run callback for job_id=1524c8cf-4f0e-4e40-8acf-1bc6832ad2e3, platform=tiktok
2025-12-14T15:31:30.544+0700	INFO	consumer/workers.go:37	results.consumer.HandleResult completed successfully
2025-12-14T15:35:32.271+0700	INFO	consumer/workers.go:15	results.delivery.rabbitmq.consumer.resultWorker
2025-12-14T15:35:32.272+0700	INFO	usecase/result.go:18	results.usecase.result.HandleResult: handling crawler result: success=true
2025-12-14T15:35:32.274+0700	INFO	usecase/result.go:56	results.usecase.result.extractTaskType: extracted task_type: dryrun_keyword
2025-12-14T15:35:32.274+0700	INFO	usecase/result.go:66	results.usecase.result.handleDryRunResult: handling dry-run result
2025-12-14T15:35:32.276+0700	DEBUG	usecase/result.go:523	Mapping YouTube title field: job_id=1524c8cf-4f0e-4e40-8acf-1bc6832ad2e3, platform=youtube, content_id=y5Y_H4bc-wg, has_title=true
2025-12-14T15:35:32.276+0700	DEBUG	usecase/result.go:445	Mapping YouTube author fields: job_id=1524c8cf-4f0e-4e40-8acf-1bc6832ad2e3, platform=youtube, content_id=y5Y_H4bc-wg, has_country=false, has_total_view_count=true
2025-12-14T15:35:32.276+0700	DEBUG	usecase/result.go:523	Mapping YouTube title field: job_id=1524c8cf-4f0e-4e40-8acf-1bc6832ad2e3, platform=youtube, content_id=JmvOccN_IQI, has_title=true
2025-12-14T15:35:32.276+0700	DEBUG	usecase/result.go:445	Mapping YouTube author fields: job_id=1524c8cf-4f0e-4e40-8acf-1bc6832ad2e3, platform=youtube, content_id=JmvOccN_IQI, has_country=false, has_total_view_count=true
2025-12-14T15:35:32.276+0700	DEBUG	usecase/result.go:523	Mapping YouTube title field: job_id=1524c8cf-4f0e-4e40-8acf-1bc6832ad2e3, platform=youtube, content_id=GRjGQEsmKg0, has_title=true
2025-12-14T15:35:32.276+0700	DEBUG	usecase/result.go:445	Mapping YouTube author fields: job_id=1524c8cf-4f0e-4e40-8acf-1bc6832ad2e3, platform=youtube, content_id=GRjGQEsmKg0, has_country=false, has_total_view_count=true
2025-12-14T15:35:32.276+0700	DEBUG	usecase/result.go:523	Mapping YouTube title field: job_id=1524c8cf-4f0e-4e40-8acf-1bc6832ad2e3, platform=youtube, content_id=fWcRcWmjeLo, has_title=true
2025-12-14T15:35:32.276+0700	DEBUG	usecase/result.go:445	Mapping YouTube author fields: job_id=1524c8cf-4f0e-4e40-8acf-1bc6832ad2e3, platform=youtube, content_id=fWcRcWmjeLo, has_country=false, has_total_view_count=true
2025-12-14T15:35:32.276+0700	DEBUG	usecase/result.go:523	Mapping YouTube title field: job_id=1524c8cf-4f0e-4e40-8acf-1bc6832ad2e3, platform=youtube, content_id=GewAK3JD-TI, has_title=true
2025-12-14T15:35:32.276+0700	DEBUG	usecase/result.go:445	Mapping YouTube author fields: job_id=1524c8cf-4f0e-4e40-8acf-1bc6832ad2e3, platform=youtube, content_id=GewAK3JD-TI, has_country=false, has_total_view_count=true
2025-12-14T15:35:32.276+0700	DEBUG	usecase/result.go:523	Mapping YouTube title field: job_id=1524c8cf-4f0e-4e40-8acf-1bc6832ad2e3, platform=youtube, content_id=5yRhEgezGCc, has_title=true
2025-12-14T15:35:32.276+0700	DEBUG	usecase/result.go:445	Mapping YouTube author fields: job_id=1524c8cf-4f0e-4e40-8acf-1bc6832ad2e3, platform=youtube, content_id=5yRhEgezGCc, has_country=false, has_total_view_count=true
2025-12-14T15:35:32.276+0700	INFO	usecase/result.go:365	Successfully extracted content: job_id=1524c8cf-4f0e-4e40-8acf-1bc6832ad2e3, platform=youtube, content_count=6
2025-12-14T15:35:32.281+0700	INFO	project/client.go:66	Webhook callback sent successfully: job_id=1524c8cf-4f0e-4e40-8acf-1bc6832ad2e3, platform=youtube, status=success, attempt=1
2025-12-14T15:35:32.281+0700	INFO	usecase/result.go:81	results.usecase.result.handleDryRunResult: successfully sent dry-run callback for job_id=1524c8cf-4f0e-4e40-8acf-1bc6832ad2e3, platform=youtube
2025-12-14T15:35:32.281+0700	INFO	consumer/workers.go:37	results.consumer.HandleResult completed successfully

TIKTOK SERVICE LOG:
2025-12-14 08:30:58 - INFO - Received message: dryrun_keyword (job_id: 1524c8cf-4f0e-4e40-8acf-1bc6832ad2e3)
2025-12-14 08:30:58 - INFO - Created crawl job for task_type 'dryrun_keyword' with idempotency_key '1524c8cf-4f0e-4e40-8acf-1bc6832ad2e3_dryrun_keyword'
2025-12-14 08:30:58 - INFO - Processing dry-run for keyword: tesla
2025-12-14 08:30:58 - INFO - Searching TikTok for keyword: 'tesla' (limit: 3, sort: relevance)
2025-12-14 08:30:58 - INFO - Trying search strategy: tab=top, sort=relevance
2025-12-14 08:31:07 - INFO - Reached target: 20 unique videos after 1 scrolls
2025-12-14 08:31:07 - INFO - Extracted 6 video URLs
2025-12-14 08:31:07 - INFO - Strategy 'top/relevance' found 6 videos
2025-12-14 08:31:07 - INFO - Found total 3 video URLs for keyword 'tesla'
2025-12-14 08:31:12 - INFO - Scraping video via HTML parsing: 7583617210938117397
2025-12-14 08:31:12 - INFO - Scraping video via HTML parsing: 7583245544638663952
2025-12-14 08:31:12 - INFO - Scraping video via HTML parsing: 7580275016223165703
2025-12-14 08:31:13 - INFO - Successfully scraped video 7583617210938117397 via HTML parsing
2025-12-14 08:31:13 - INFO - Scraping comments from: https://www.tiktok.com/@shanghai9992/video/7583617210938117397 (full_mode: False)
2025-12-14 08:31:13 - INFO - Using FAST MODE: HTTP API for top comments (60-70% coverage)
2025-12-14 08:31:13 - INFO - Successfully scraped video 7583245544638663952 via HTML parsing
2025-12-14 08:31:13 - INFO - Scraping comments from: https://www.tiktok.com/@viet8463/video/7583245544638663952 (full_mode: False)
2025-12-14 08:31:13 - INFO - Using FAST MODE: HTTP API for top comments (60-70% coverage)
2025-12-14 08:31:13 - INFO - Extracted 2 comments from API data
2025-12-14 08:31:13 - INFO - Page 1: fetched 2 comments (total: 2)
2025-12-14 08:31:13 - INFO - No more comments available
2025-12-14 08:31:13 - INFO - Fetched total 2 comments via HTTP request (1 pages)
2025-12-14 08:31:13 - INFO - Successfully scraped 2 comments
2025-12-14 08:31:13 - INFO - Scraping creator via HTML parsing: shanghai9992
2025-12-14 08:31:13 - INFO - Extracted 20 comments from API data
2025-12-14 08:31:13 - INFO - Page 1: fetched 20 comments (total: 20)
2025-12-14 08:31:13 - INFO - Successfully scraped video 7580275016223165703 via HTML parsing
2025-12-14 08:31:13 - INFO - Scraping comments from: https://www.tiktok.com/@xaydungnews.official/video/7580275016223165703 (full_mode: False)
2025-12-14 08:31:13 - INFO - Using FAST MODE: HTTP API for top comments (60-70% coverage)
2025-12-14 08:31:13 - INFO - Successfully scraped creator shanghai9992 via HTML parsing
2025-12-14 08:31:13 - INFO - Archive storage disabled for 7583617210938117397 - skipping MinIO upload
2025-12-14 08:31:13 - ERROR - Error extracting comments from API: 'NoneType' object is not iterable
2025-12-14 08:31:13 - INFO - Fetched total 0 comments via HTTP request (0 pages)
2025-12-14 08:31:13 - INFO - Successfully scraped 0 comments
2025-12-14 08:31:13 - INFO - Scraping creator via HTML parsing: xaydungnews.official
2025-12-14 08:31:13 - INFO - Reached max_comments limit: 5
2025-12-14 08:31:13 - INFO - Fetched total 5 comments via HTTP request (1 pages)
2025-12-14 08:31:13 - INFO - Successfully scraped 5 comments
2025-12-14 08:31:13 - INFO - Scraping creator via HTML parsing: viet8463
2025-12-14 08:31:14 - INFO - Successfully scraped creator viet8463 via HTML parsing
2025-12-14 08:31:14 - INFO - Archive storage disabled for 7583245544638663952 - skipping MinIO upload
2025-12-14 08:31:14 - INFO - Successfully scraped creator xaydungnews.official via HTML parsing
2025-12-14 08:31:14 - INFO - Archive storage disabled for 7580275016223165703 - skipping MinIO upload
2025-12-14 08:31:14 - INFO - Completed dry-run for keyword 'tesla': 3/3 successful
2025-12-14 08:31:14 - INFO - Processing dry-run for keyword: vinfast
2025-12-14 08:31:14 - INFO - Searching TikTok for keyword: 'vinfast' (limit: 3, sort: relevance)
2025-12-14 08:31:14 - INFO - Trying search strategy: tab=top, sort=relevance
2025-12-14 08:31:21 - INFO - Reached target: 12 unique videos after 1 scrolls
2025-12-14 08:31:23 - INFO - Extracted 6 video URLs
2025-12-14 08:31:23 - INFO - Strategy 'top/relevance' found 6 videos
2025-12-14 08:31:23 - INFO - Found total 3 video URLs for keyword 'vinfast'
2025-12-14 08:31:28 - INFO - Scraping video via HTML parsing: 7583321791498702094
2025-12-14 08:31:28 - INFO - Scraping video via HTML parsing: 7583579257620696340
2025-12-14 08:31:28 - INFO - Scraping video via HTML parsing: 7583593326394264840
2025-12-14 08:31:28 - INFO - Successfully scraped video 7583579257620696340 via HTML parsing
2025-12-14 08:31:28 - INFO - Scraping comments from: https://www.tiktok.com/@minh.vinfasttsg/video/7583579257620696340 (full_mode: False)
2025-12-14 08:31:28 - INFO - Using FAST MODE: HTTP API for top comments (60-70% coverage)
2025-12-14 08:31:28 - INFO - Successfully scraped video 7583593326394264840 via HTML parsing
2025-12-14 08:31:29 - INFO - Scraping comments from: https://www.tiktok.com/@quockhanhvinfast/video/7583593326394264840 (full_mode: False)
2025-12-14 08:31:29 - INFO - Using FAST MODE: HTTP API for top comments (60-70% coverage)
2025-12-14 08:31:29 - INFO - Successfully scraped video 7583321791498702094 via HTML parsing
2025-12-14 08:31:29 - INFO - Scraping comments from: https://www.tiktok.com/@cn.gi.nng.ng.pht.t/video/7583321791498702094 (full_mode: False)
2025-12-14 08:31:29 - INFO - Using FAST MODE: HTTP API for top comments (60-70% coverage)
2025-12-14 08:31:29 - INFO - Extracted 1 comments from API data
2025-12-14 08:31:29 - INFO - Page 1: fetched 1 comments (total: 1)
2025-12-14 08:31:29 - INFO - No more comments available
2025-12-14 08:31:29 - INFO - Fetched total 1 comments via HTTP request (1 pages)
2025-12-14 08:31:29 - INFO - Successfully scraped 1 comments
2025-12-14 08:31:29 - INFO - Scraping creator via HTML parsing: quockhanhvinfast
2025-12-14 08:31:29 - INFO - Extracted 5 comments from API data
2025-12-14 08:31:29 - INFO - Page 1: fetched 5 comments (total: 5)
2025-12-14 08:31:29 - INFO - No more comments available
2025-12-14 08:31:29 - INFO - Fetched total 5 comments via HTTP request (1 pages)
2025-12-14 08:31:29 - INFO - Successfully scraped 5 comments
2025-12-14 08:31:29 - INFO - Scraping creator via HTML parsing: cn.gi.nng.ng.pht.t
2025-12-14 08:31:29 - INFO - Extracted 6 comments from API data
2025-12-14 08:31:29 - INFO - Page 1: fetched 6 comments (total: 6)
2025-12-14 08:31:29 - INFO - No more comments available
2025-12-14 08:31:29 - INFO - Fetched total 5 comments via HTTP request (1 pages)
2025-12-14 08:31:29 - INFO - Successfully scraped 5 comments
2025-12-14 08:31:29 - INFO - Scraping creator via HTML parsing: minh.vinfasttsg
2025-12-14 08:31:30 - INFO - Successfully scraped creator cn.gi.nng.ng.pht.t via HTML parsing
2025-12-14 08:31:30 - INFO - Archive storage disabled for 7583321791498702094 - skipping MinIO upload
2025-12-14 08:31:30 - INFO - Successfully scraped creator quockhanhvinfast via HTML parsing
2025-12-14 08:31:30 - INFO - Archive storage disabled for 7583593326394264840 - skipping MinIO upload
2025-12-14 08:31:30 - INFO - Successfully scraped creator minh.vinfasttsg via HTML parsing
2025-12-14 08:31:30 - INFO - Archive storage disabled for 7583579257620696340 - skipping MinIO upload
2025-12-14 08:31:30 - INFO - Completed dry-run for keyword 'vinfast': 3/3 successful
2025-12-14 08:31:30 - INFO - Mapped 6/6 crawl results to new format for job 1524c8cf-4f0e-4e40-8acf-1bc6832ad2e3 (keywords: tesla, vinfast)
2025-12-14 08:31:30 - INFO - Published result message - Job: 1524c8cf-4f0e-4e40-8acf-1bc6832ad2e3, Type: dryrun_keyword, Success: True, Payload items: 6
2025-12-14 08:31:30 - INFO - Published dry-run result for job 1524c8cf-4f0e-4e40-8acf-1bc6832ad2e3 - Success: True, Payload items: 6
2025-12-14 08:31:30 - INFO - Job 1524c8cf-4f0e-4e40-8acf-1bc6832ad2e3 completed successfully

YOUTUBE CRAWLER LOG:
2025-12-14 08:30:58 - INFO - ======================================================================
2025-12-14 08:30:58 - INFO - RECEIVED MESSAGE FROM QUEUE
2025-12-14 08:30:58 - INFO - Task Type: dryrun_keyword
2025-12-14 08:30:58 - INFO - Job ID: 1524c8cf-4f0e-4e40-8acf-1bc6832ad2e3
2025-12-14 08:30:58 - INFO - Payload: {'keywords': ['tesla', 'vinfast'], 'limit_per_keyword': 3, 'include_comments': True, 'max_comments': 5}
2025-12-14 08:30:58 - INFO - ======================================================================
2025-12-14 08:30:58 - INFO - Processing task: dryrun_keyword (job_id: 1524c8cf-4f0e-4e40-8acf-1bc6832ad2e3)
2025-12-14 08:30:58 - WARNING - Duplicate key error for idempotency_key '1524c8cf-4f0e-4e40-8acf-1bc6832ad2e3_dryrun_keyword' (race condition). Job may already exist.
2025-12-14 08:30:58 - INFO - Job with idempotency_key '1524c8cf-4f0e-4e40-8acf-1bc6832ad2e3_dryrun_keyword' exists. Allowing processing to continue.
2025-12-14 08:30:58 - INFO - Searching YouTube for: 'tesla' (limit: 3)
2025-12-14 08:31:01 - INFO - Found 3 videos for keyword: 'tesla'
2025-12-14 08:31:01 - INFO - Scraping video: https://www.youtube.com/watch?v=y5Y_H4bc-wg
2025-12-14 08:31:01 - INFO - Scraping video: https://www.youtube.com/watch?v=JmvOccN_IQI
2025-12-14 08:31:01 - INFO - Scraping video: https://www.youtube.com/watch?v=GRjGQEsmKg0
2025-12-14 08:31:07 - INFO - Successfully scraped video: Những Bí Ẩn Về Cuộc Đời Nikola Tesla: Thiên Tài Không Bằng Cấp | Vũ Trụ Nguyên Thủy
2025-12-14 08:31:07 - INFO - Extracting comments for video JmvOccN_IQI (limit: 5)
2025-12-14 08:31:09 - INFO - Extracted 5 comments for video JmvOccN_IQI
2025-12-14 08:31:10 - INFO - Successfully scraped video: BREAKING: Grok Just Changed Tesla Cars Forever
2025-12-14 08:31:10 - INFO - Extracting comments for video y5Y_H4bc-wg (limit: 5)
2025-12-14 08:31:12 - INFO - Successfully scraped video: Tesla Team Gets High Praise; Waiting for Big Catalyst
2025-12-14 08:31:12 - INFO - Extracting comments for video GRjGQEsmKg0 (limit: 5)
2025-12-14 08:31:13 - INFO - Extracted 5 comments for video y5Y_H4bc-wg
2025-12-14 08:31:15 - INFO - Extracted 5 comments for video GRjGQEsmKg0
2025-12-14 08:31:52 - INFO - Archive storage disabled for JmvOccN_IQI - skipping MinIO upload
2025-12-14 08:32:43 - INFO - Archive storage disabled for y5Y_H4bc-wg - skipping MinIO upload
2025-12-14 08:33:29 - INFO - Archive storage disabled for GRjGQEsmKg0 - skipping MinIO upload
2025-12-14 08:33:29 - INFO - Searching YouTube for: 'vinfast' (limit: 3)
2025-12-14 08:33:30 - INFO - Found 3 videos for keyword: 'vinfast'
2025-12-14 08:33:30 - INFO - Scraping video: https://www.youtube.com/watch?v=fWcRcWmjeLo
2025-12-14 08:33:30 - INFO - Scraping video: https://www.youtube.com/watch?v=GewAK3JD-TI
2025-12-14 08:33:30 - INFO - Scraping video: https://www.youtube.com/watch?v=5yRhEgezGCc
2025-12-14 08:33:39 - INFO - Successfully scraped video: VinFast EC van chở hàng thế nào?
2025-12-14 08:33:39 - INFO - Extracting comments for video 5yRhEgezGCc (limit: 5)
2025-12-14 08:33:40 - INFO - Successfully scraped video: VINFAST EC VAN: giá rẻ hơn ‘Su cóc’ mà công năng chuyên chở khéo gấp rưỡi
2025-12-14 08:33:40 - INFO - Extracting comments for video GewAK3JD-TI (limit: 5)
2025-12-14 08:33:40 - INFO - Successfully scraped video: Hãy cân nhắc trước khi mua VinFast VF 9: Ai phù hợp, ai thì không? |XEHAY.VN|
2025-12-14 08:33:40 - INFO - Extracting comments for video fWcRcWmjeLo (limit: 5)
2025-12-14 08:33:40 - INFO - Extracted 5 comments for video 5yRhEgezGCc
2025-12-14 08:33:41 - INFO - Extracted 5 comments for video GewAK3JD-TI
2025-12-14 08:33:42 - INFO - Extracted 5 comments for video fWcRcWmjeLo
2025-12-14 08:34:19 - INFO - Archive storage disabled for 5yRhEgezGCc - skipping MinIO upload
2025-12-14 08:34:39 - INFO - Archive storage disabled for GewAK3JD-TI - skipping MinIO upload
2025-12-14 08:35:32 - INFO - Archive storage disabled for fWcRcWmjeLo - skipping MinIO upload
2025-12-14 08:35:32 - INFO - Mapped 6/6 crawl results to new format for job 1524c8cf-4f0e-4e40-8acf-1bc6832ad2e3 (keywords: tesla, vinfast)
2025-12-14 08:35:32 - INFO - Published result message - Job: 1524c8cf-4f0e-4e40-8acf-1bc6832ad2e3, Type: dryrun_keyword, Success: True, Payload items: 6
2025-12-14 08:35:32 - INFO - Published dry-run result for job 1524c8cf-4f0e-4e40-8acf-1bc6832ad2e3 - Success: True, Payload items: 6
2025-12-14 08:35:32 - INFO - ======================================================================
2025-12-14 08:35:32 - INFO - SUCCESS - Job 1524c8cf-4f0e-4e40-8acf-1bc6832ad2e3 completed
2025-12-14 08:35:32 - INFO - ======================================================================

WEBSOCKET SERVICE LOG:
2025-12-14T15:30:15.365+0700	DEBUG	redis/subscriber.go:301	User 84376f33-1a4d-4dff-ad95-db07bac030b2 marked as connected in Redis subscriber
2025-12-14T15:30:15.365+0700	INFO	websocket/handler.go:375	WebSocket connection established for user: 84376f33-1a4d-4dff-ad95-db07bac030b2 (projectId: , jobId: c508d268-d92d-41f3-9751-edcd9f85d3c2)
[GIN] 2025/12/14 - 15:30:15 | 200 |     363.826µs | 192.168.105.128 | GET      "/ws?jobId=c508d268-d92d-41f3-9751-edcd9f85d3c2"
2025-12-14T15:30:15.365+0700	INFO	websocket/hub.go:113	User connected: 84376f33-1a4d-4dff-ad95-db07bac030b2 (total connections: 1, user connections: 1, projectId: , jobId: c508d268-d92d-41f3-9751-edcd9f85d3c2)
2025-12-14T15:30:18.114+0700	DEBUG	redis/subscriber.go:301	User 84376f33-1a4d-4dff-ad95-db07bac030b2 marked as connected in Redis subscriber
2025-12-14T15:30:18.115+0700	INFO	websocket/handler.go:375	WebSocket connection established for user: 84376f33-1a4d-4dff-ad95-db07bac030b2 (projectId: , jobId: cb495b8a-7a25-441e-aaa3-e081a31739e0)
2025-12-14T15:30:18.115+0700	INFO	websocket/hub.go:113	User connected: 84376f33-1a4d-4dff-ad95-db07bac030b2 (total connections: 2, user connections: 2, projectId: , jobId: cb495b8a-7a25-441e-aaa3-e081a31739e0)
[GIN] 2025/12/14 - 15:30:18 | 200 |     313.609µs |   172.16.21.113 | GET      "/ws?jobId=cb495b8a-7a25-441e-aaa3-e081a31739e0"
2025-12-14T15:30:18.144+0700	DEBUG	redis/subscriber.go:301	User 84376f33-1a4d-4dff-ad95-db07bac030b2 marked as connected in Redis subscriber
2025-12-14T15:30:18.144+0700	INFO	websocket/handler.go:375	WebSocket connection established for user: 84376f33-1a4d-4dff-ad95-db07bac030b2 (projectId: , jobId: cb495b8a-7a25-441e-aaa3-e081a31739e0)
2025-12-14T15:30:18.144+0700	INFO	websocket/hub.go:113	User connected: 84376f33-1a4d-4dff-ad95-db07bac030b2 (total connections: 3, user connections: 3, projectId: , jobId: cb495b8a-7a25-441e-aaa3-e081a31739e0)
[GIN] 2025/12/14 - 15:30:18 | 200 |     208.177µs | 192.168.105.128 | GET      "/ws?jobId=cb495b8a-7a25-441e-aaa3-e081a31739e0"
[GIN] 2025/12/14 - 15:30:18 | 200 |     256.934µs |   172.16.21.113 | GET      "/ws?jobId=c508d268-d92d-41f3-9751-edcd9f85d3c2"
2025-12-14T15:30:18.171+0700	DEBUG	redis/subscriber.go:301	User 84376f33-1a4d-4dff-ad95-db07bac030b2 marked as connected in Redis subscriber
2025-12-14T15:30:18.172+0700	INFO	websocket/handler.go:375	WebSocket connection established for user: 84376f33-1a4d-4dff-ad95-db07bac030b2 (projectId: , jobId: c508d268-d92d-41f3-9751-edcd9f85d3c2)
2025-12-14T15:30:18.172+0700	INFO	websocket/hub.go:113	User connected: 84376f33-1a4d-4dff-ad95-db07bac030b2 (total connections: 4, user connections: 4, projectId: , jobId: c508d268-d92d-41f3-9751-edcd9f85d3c2)
2025-12-14T15:30:20.016+0700	INFO	websocket/hub.go:164	User connection closed: 84376f33-1a4d-4dff-ad95-db07bac030b2 (remaining connections: 3)
2025-12-14T15:30:20.018+0700	INFO	websocket/hub.go:164	User connection closed: 84376f33-1a4d-4dff-ad95-db07bac030b2 (remaining connections: 2)
2025-12-14T15:30:20.018+0700	INFO	websocket/hub.go:164	User connection closed: 84376f33-1a4d-4dff-ad95-db07bac030b2 (remaining connections: 1)
2025-12-14T15:30:20.018+0700	INFO	websocket/hub.go:162	User disconnected (all tabs closed): 84376f33-1a4d-4dff-ad95-db07bac030b2
2025-12-14T15:30:20.018+0700	DEBUG	redis/subscriber.go:313	User 84376f33-1a4d-4dff-ad95-db07bac030b2 marked as disconnected in Redis subscriber
[GIN] 2025/12/14 - 15:30:58 | 200 |     315.828µs | 192.168.105.128 | GET      "/ws?jobId=1524c8cf-4f0e-4e40-8acf-1bc6832ad2e3"
2025-12-14T15:30:58.575+0700	DEBUG	redis/subscriber.go:301	User 84376f33-1a4d-4dff-ad95-db07bac030b2 marked as connected in Redis subscriber
2025-12-14T15:30:58.575+0700	INFO	websocket/handler.go:375	WebSocket connection established for user: 84376f33-1a4d-4dff-ad95-db07bac030b2 (projectId: , jobId: 1524c8cf-4f0e-4e40-8acf-1bc6832ad2e3)
2025-12-14T15:30:58.575+0700	INFO	websocket/hub.go:113	User connected: 84376f33-1a4d-4dff-ad95-db07bac030b2 (total connections: 1, user connections: 1, projectId: , jobId: 1524c8cf-4f0e-4e40-8acf-1bc6832ad2e3)
2025-12-14T15:31:29.407+0700	DEBUG	websocket/connection.go:133	Received message from user 84376f33-1a4d-4dff-ad95-db07bac030b2: {"type":"ping","data":{"timestamp":1765701089340},"timestamp":1765701089340}
2025-12-14T15:31:30.545+0700	DEBUG	transform/job_transformer.go:63	Successfully transformed job message for job 1524c8cf-4f0e-4e40-8acf-1bc6832ad2e3, user 84376f33-1a4d-4dff-ad95-db07bac030b2 in 568.062µs
2025-12-14T15:31:30.545+0700	DEBUG	websocket/hub.go:312	Sent job message to 1 connections for user 84376f33-1a4d-4dff-ad95-db07bac030b2, job 1524c8cf-4f0e-4e40-8acf-1bc6832ad2e3
2025-12-14T15:31:30.545+0700	DEBUG	redis/subscriber.go:258	Sent job message to user 84376f33-1a4d-4dff-ad95-db07bac030b2 for job 1524c8cf-4f0e-4e40-8acf-1bc6832ad2e3
2025-12-14T15:31:30.545+0700	DEBUG	redis/subscriber.go:237	Routed job message to user 84376f33-1a4d-4dff-ad95-db07bac030b2 for job 1524c8cf-4f0e-4e40-8acf-1bc6832ad2e3
2025-12-14T15:31:59.405+0700	DEBUG	websocket/connection.go:133	Received message from user 84376f33-1a4d-4dff-ad95-db07bac030b2: {"type":"ping","data":{"timestamp":1765701119337},"timestamp":1765701119337}
2025-12-14T15:32:29.402+0700	DEBUG	websocket/connection.go:133	Received message from user 84376f33-1a4d-4dff-ad95-db07bac030b2: {"type":"ping","data":{"timestamp":1765701149336},"timestamp":1765701149336}
2025-12-14T15:32:59.403+0700	DEBUG	websocket/connection.go:133	Received message from user 84376f33-1a4d-4dff-ad95-db07bac030b2: {"type":"ping","data":{"timestamp":1765701179337},"timestamp":1765701179337}
2025-12-14T15:33:29.406+0700	DEBUG	websocket/connection.go:133	Received message from user 84376f33-1a4d-4dff-ad95-db07bac030b2: {"type":"ping","data":{"timestamp":1765701209337},"timestamp":1765701209337}
2025-12-14T15:33:59.404+0700	DEBUG	websocket/connection.go:133	Received message from user 84376f33-1a4d-4dff-ad95-db07bac030b2: {"type":"ping","data":{"timestamp":1765701239337},"timestamp":1765701239337}
2025-12-14T15:34:28.582+0700	DEBUG	websocket/connection.go:133	Received message from user 84376f33-1a4d-4dff-ad95-db07bac030b2: {"type":"ping","data":{"timestamp":1765701268517},"timestamp":1765701268517}
2025-12-14T15:34:59.402+0700	DEBUG	websocket/connection.go:133	Received message from user 84376f33-1a4d-4dff-ad95-db07bac030b2: {"type":"ping","data":{"timestamp":1765701299336},"timestamp":1765701299336}
2025-12-14T15:35:28.583+0700	DEBUG	websocket/connection.go:133	Received message from user 84376f33-1a4d-4dff-ad95-db07bac030b2: {"type":"ping","data":{"timestamp":1765701328516},"timestamp":1765701328516}
2025-12-14T15:35:32.283+0700	DEBUG	transform/job_transformer.go:63	Successfully transformed job message for job 1524c8cf-4f0e-4e40-8acf-1bc6832ad2e3, user 84376f33-1a4d-4dff-ad95-db07bac030b2 in 1.520076ms
2025-12-14T15:35:32.283+0700	DEBUG	websocket/hub.go:312	Sent job message to 1 connections for user 84376f33-1a4d-4dff-ad95-db07bac030b2, job 1524c8cf-4f0e-4e40-8acf-1bc6832ad2e3
2025-12-14T15:35:32.283+0700	DEBUG	redis/subscriber.go:258	Sent job message to user 84376f33-1a4d-4dff-ad95-db07bac030b2 for job 1524c8cf-4f0e-4e40-8acf-1bc6832ad2e3
2025-12-14T15:35:32.283+0700	DEBUG	redis/subscriber.go:237	Routed job message to user 84376f33-1a4d-4dff-ad95-db07bac030b2 for job 1524c8cf-4f0e-4e40-8acf-1bc6832ad2e3
2025-12-14T15:35:58.582+0700	DEBUG	websocket/connection.go:133	Received message from user 84376f33-1a4d-4dff-ad95-db07bac030b2: {"type":"ping","data":{"timestamp":1765701358516},"timestamp":1765701358516}
2025-12-14T15:36:28.580+0700	DEBUG	websocket/connection.go:133	Received message from user 84376f33-1a4d-4dff-ad95-db07bac030b2: {"type":"ping","data":{"timestamp":1765701388515},"timestamp":1765701388515}
2025-12-14T15:36:59.405+0700	DEBUG	websocket/connection.go:133	Received message from user 84376f33-1a4d-4dff-ad95-db07bac030b2: {"type":"ping","data":{"timestamp":1765701419335},"timestamp":1765701419335}
2025-12-14T15:37:29.403+0700	DEBUG	websocket/connection.go:133	Received message from user 84376f33-1a4d-4dff-ad95-db07bac030b2: {"type":"ping","data":{"timestamp":1765701449335},"timestamp":1765701449335}
2025-12-14T15:37:59.401+0700	DEBUG	websocket/connection.go:133	Received message from user 84376f33-1a4d-4dff-ad95-db07bac030b2: {"type":"ping","data":{"timestamp":1765701479335},"timestamp":1765701479335}
2025-12-14T15:38:29.407+0700	DEBUG	websocket/connection.go:133	Received message from user 84376f33-1a4d-4dff-ad95-db07bac030b2: {"type":"ping","data":{"timestamp":1765701509335},"timestamp":1765701509335}
2025-12-14T15:39:01.403+0700	DEBUG	websocket/connection.go:133	Received message from user 84376f33-1a4d-4dff-ad95-db07bac030b2: {"type":"ping","data":{"timestamp":1765701541335},"timestamp":1765701541335}
2025-12-14T15:40:01.417+0700	DEBUG	websocket/connection.go:133	Received message from user 84376f33-1a4d-4dff-ad95-db07bac030b2: {"type":"ping","data":{"timestamp":1765701601341},"timestamp":1765701601341}